[debug] [2025-08-09T17:35:03.394Z] ----------------------------------------------------------------------
[debug] [2025-08-09T17:35:03.398Z] Command:       C:\Program Files\nodejs\node.exe C:\Users\szamb\AppData\Roaming\npm\node_modules\firebase-tools\lib\bin\firebase.js emulators:start
[debug] [2025-08-09T17:35:03.398Z] CLI Version:   14.12.0
[debug] [2025-08-09T17:35:03.398Z] Platform:      win32
[debug] [2025-08-09T17:35:03.399Z] Node Version:  v22.17.0
[debug] [2025-08-09T17:35:03.399Z] Time:          Sat Aug 09 2025 19:35:03 GMT+0200 (heure d’été d’Europe centrale)
[debug] [2025-08-09T17:35:03.399Z] ----------------------------------------------------------------------
[debug] 
[debug] [2025-08-09T17:35:03.807Z] > command requires scopes: ["email","openid","https://www.googleapis.com/auth/cloudplatformprojects.readonly","https://www.googleapis.com/auth/firebase","https://www.googleapis.com/auth/cloud-platform"]
[debug] [2025-08-09T17:35:03.808Z] > authorizing via signed-in user (brozerneo@gmail.com)
[debug] [2025-08-09T17:35:04.199Z] java version "21.0.8" 2025-07-15 LTS
Java(TM) SE Runtime Environment (build 21.0.8+12-LTS-250)
Java HotSpot(TM) 64-Bit Server VM (build 21.0.8+12-LTS-250, mixed mode, sharing)

[debug] [2025-08-09T17:35:04.201Z] Parsed Java major version: 21
[info] i  emulators: Starting emulators: auth, functions, firestore, hosting, extensions {"metadata":{"emulator":{"name":"hub"},"message":"Starting emulators: auth, functions, firestore, hosting, extensions"}}
[debug] [2025-08-09T17:35:04.204Z] Checked if tokens are valid: true, expires at: 1754764381102
[debug] [2025-08-09T17:35:04.204Z] Checked if tokens are valid: true, expires at: 1754764381102
[debug] [2025-08-09T17:35:04.206Z] >>> [apiv2][query] GET https://cloudresourcemanager.googleapis.com/v1/projects/poszambo [none]
[debug] [2025-08-09T17:35:04.985Z] <<< [apiv2][status] GET https://cloudresourcemanager.googleapis.com/v1/projects/poszambo 200
[debug] [2025-08-09T17:35:04.985Z] <<< [apiv2][body] GET https://cloudresourcemanager.googleapis.com/v1/projects/poszambo {"projectNumber":"76313979039","projectId":"poszambo","lifecycleState":"ACTIVE","name":"poszambo","labels":{"firebase":"enabled","firebase-core":"disabled"},"createTime":"2025-08-03T20:18:42.528029Z"}
[debug] [2025-08-09T17:35:05.003Z] [logging] Logging Emulator only supports listening on one address (127.0.0.1). Not listening on ::1
[debug] [2025-08-09T17:35:05.003Z] [auth] Authentication Emulator only supports listening on one address (127.0.0.1). Not listening on ::1
[debug] [2025-08-09T17:35:05.003Z] [firestore] Firestore Emulator only supports listening on one address (127.0.0.1). Not listening on ::1
[debug] [2025-08-09T17:35:05.003Z] [firestore.websocket] websocket server for firestore only supports listening on one address (127.0.0.1). Not listening on ::1
[debug] [2025-08-09T17:35:05.003Z] [hosting] Hosting Emulator only supports listening on one address (127.0.0.1). Not listening on ::1
[debug] [2025-08-09T17:35:05.003Z] assigned listening specs for emulators {"user":{"hub":[{"address":"127.0.0.1","family":"IPv4","port":4400},{"address":"::1","family":"IPv6","port":4400}],"ui":[{"address":"127.0.0.1","family":"IPv4","port":4100},{"address":"::1","family":"IPv6","port":4100}],"logging":[{"address":"127.0.0.1","family":"IPv4","port":4500}],"auth":[{"address":"127.0.0.1","family":"IPv4","port":9199}],"firestore":[{"address":"127.0.0.1","family":"IPv4","port":8180}],"firestore.websocket":[{"address":"127.0.0.1","family":"IPv4","port":9150}],"hosting":[{"address":"127.0.0.1","family":"IPv4","port":5100}]},"metadata":{"message":"assigned listening specs for emulators"}}
[debug] [2025-08-09T17:35:05.009Z] [hub] writing locator at C:\Users\szamb\AppData\Local\Temp\hub-poszambo.json
[debug] [2025-08-09T17:35:05.019Z] [Extensions] Started Extensions emulator, this is a noop.
[debug] [2025-08-09T17:35:05.027Z] [functions] Functions Emulator only supports listening on one address (127.0.0.1). Not listening on ::1
[debug] [2025-08-09T17:35:05.028Z] [eventarc] Eventarc Emulator only supports listening on one address (127.0.0.1). Not listening on ::1
[debug] [2025-08-09T17:35:05.028Z] [tasks] Cloud Tasks Emulator only supports listening on one address (127.0.0.1). Not listening on ::1
[debug] [2025-08-09T17:35:05.028Z] late-assigned ports for functions and eventarc emulators {"user":{"hub":[{"address":"127.0.0.1","family":"IPv4","port":4400},{"address":"::1","family":"IPv6","port":4400}],"ui":[{"address":"127.0.0.1","family":"IPv4","port":4100},{"address":"::1","family":"IPv6","port":4100}],"logging":[{"address":"127.0.0.1","family":"IPv4","port":4500}],"auth":[{"address":"127.0.0.1","family":"IPv4","port":9199}],"firestore":[{"address":"127.0.0.1","family":"IPv4","port":8180}],"firestore.websocket":[{"address":"127.0.0.1","family":"IPv4","port":9150}],"hosting":[{"address":"127.0.0.1","family":"IPv4","port":5100}],"functions":[{"address":"127.0.0.1","family":"IPv4","port":5101}],"eventarc":[{"address":"127.0.0.1","family":"IPv4","port":9299}],"tasks":[{"address":"127.0.0.1","family":"IPv4","port":9499}]},"metadata":{"message":"late-assigned ports for functions and eventarc emulators"}}
[warn] !  functions: The following emulators are not running, calls to these services from the Functions emulator will affect production: apphosting, database, pubsub, storage, dataconnect {"metadata":{"emulator":{"name":"functions"},"message":"The following emulators are not running, calls to these services from the Functions emulator will affect production: \u001b[1mapphosting, database, pubsub, storage, dataconnect\u001b[22m"}}
[debug] [2025-08-09T17:35:05.063Z] defaultcredentials: writing to file C:\Users\szamb\AppData\Roaming\firebase\brozerneo_gmail_com_application_default_credentials.json
[debug] [2025-08-09T17:35:05.065Z] Setting GAC to C:\Users\szamb\AppData\Roaming\firebase\brozerneo_gmail_com_application_default_credentials.json {"metadata":{"emulator":{"name":"functions"},"message":"Setting GAC to C:\\Users\\szamb\\AppData\\Roaming\\firebase\\brozerneo_gmail_com_application_default_credentials.json"}}
[debug] [2025-08-09T17:35:05.065Z] Checked if tokens are valid: true, expires at: 1754764381102
[debug] [2025-08-09T17:35:05.065Z] Checked if tokens are valid: true, expires at: 1754764381102
[debug] [2025-08-09T17:35:05.065Z] >>> [apiv2][query] GET https://firebase.googleapis.com/v1beta1/projects/poszambo/adminSdkConfig [none]
[debug] [2025-08-09T17:35:05.459Z] <<< [apiv2][status] GET https://firebase.googleapis.com/v1beta1/projects/poszambo/adminSdkConfig 200
[debug] [2025-08-09T17:35:05.459Z] <<< [apiv2][body] GET https://firebase.googleapis.com/v1beta1/projects/poszambo/adminSdkConfig {"projectId":"poszambo","storageBucket":"poszambo.firebasestorage.app"}
[warn] !  firestore: Cloud Firestore Emulator does not support multiple databases yet. {"metadata":{"emulator":{"name":"firestore"},"message":"Cloud Firestore Emulator does not support multiple databases yet."}}
[warn] !  firestore: Did not find a Cloud Firestore rules file specified in a firebase.json config file. {"metadata":{"emulator":{"name":"firestore"},"message":"Did not find a Cloud Firestore rules file specified in a firebase.json config file."}}
[warn] !  firestore: The emulator will default to allowing all reads and writes. Learn more about this option: https://firebase.google.com/docs/emulator-suite/install_and_configure#security_rules_configuration. {"metadata":{"emulator":{"name":"firestore"},"message":"The emulator will default to allowing all reads and writes. Learn more about this option: https://firebase.google.com/docs/emulator-suite/install_and_configure#security_rules_configuration."}}
[debug] [2025-08-09T17:35:05.483Z] Ignoring unsupported arg: auto_download {"metadata":{"emulator":{"name":"firestore"},"message":"Ignoring unsupported arg: auto_download"}}
[debug] [2025-08-09T17:35:05.483Z] Ignoring unsupported arg: single_project_mode_error {"metadata":{"emulator":{"name":"firestore"},"message":"Ignoring unsupported arg: single_project_mode_error"}}
[debug] [2025-08-09T17:35:05.483Z] Starting Firestore Emulator with command {"binary":"java","args":["-Dgoogle.cloud_firestore.debug_log_level=FINE","-Duser.language=en","-jar","C:\\Users\\szamb\\.cache\\firebase\\emulators\\cloud-firestore-emulator-v1.19.8.jar","--host","127.0.0.1","--port",8180,"--websocket_port",9150,"--project_id","poszambo","--single_project_mode",true,"--functions_emulator","127.0.0.1:5101"],"optionalArgs":["port","webchannel_port","host","rules","websocket_port","functions_emulator","seed_from_export","project_id","single_project_mode"],"joinArgs":false,"shell":false,"port":8180} {"metadata":{"emulator":{"name":"firestore"},"message":"Starting Firestore Emulator with command {\"binary\":\"java\",\"args\":[\"-Dgoogle.cloud_firestore.debug_log_level=FINE\",\"-Duser.language=en\",\"-jar\",\"C:\\\\Users\\\\szamb\\\\.cache\\\\firebase\\\\emulators\\\\cloud-firestore-emulator-v1.19.8.jar\",\"--host\",\"127.0.0.1\",\"--port\",8180,\"--websocket_port\",9150,\"--project_id\",\"poszambo\",\"--single_project_mode\",true,\"--functions_emulator\",\"127.0.0.1:5101\"],\"optionalArgs\":[\"port\",\"webchannel_port\",\"host\",\"rules\",\"websocket_port\",\"functions_emulator\",\"seed_from_export\",\"project_id\",\"single_project_mode\"],\"joinArgs\":false,\"shell\":false,\"port\":8180}"}}
[info] i  firestore: Firestore Emulator logging to firestore-debug.log {"metadata":{"emulator":{"name":"firestore"},"message":"Firestore Emulator logging to \u001b[1mfirestore-debug.log\u001b[22m"}}
[info] +  firestore: Firestore Emulator UI websocket is running on 9150. {"metadata":{"emulator":{"name":"firestore"},"message":"Firestore Emulator UI websocket is running on 9150."}}
[debug] [2025-08-09T17:35:18.641Z] Checked if tokens are valid: true, expires at: 1754764381102
[debug] [2025-08-09T17:35:18.641Z] Checked if tokens are valid: true, expires at: 1754764381102
[debug] [2025-08-09T17:35:18.641Z] >>> [apiv2][query] GET https://firebasehosting.googleapis.com/v1beta1/projects/poszambo/sites 
[debug] [2025-08-09T17:35:19.867Z] <<< [apiv2][status] GET https://firebasehosting.googleapis.com/v1beta1/projects/poszambo/sites 200
[debug] [2025-08-09T17:35:19.867Z] <<< [apiv2][body] GET https://firebasehosting.googleapis.com/v1beta1/projects/poszambo/sites {"sites":[{"name":"projects/poszambo/sites/poszambo","defaultUrl":"https://poszambo.web.app","type":"DEFAULT_SITE"}]}
[debug] [2025-08-09T17:35:19.868Z] Checked if tokens are valid: true, expires at: 1754764381102
[debug] [2025-08-09T17:35:19.868Z] Checked if tokens are valid: true, expires at: 1754764381102
[debug] [2025-08-09T17:35:19.868Z] >>> [apiv2][query] GET https://firebase.googleapis.com/v1beta1/projects/poszambo/webApps/-/config [none]
[debug] [2025-08-09T17:35:20.561Z] <<< [apiv2][status] GET https://firebase.googleapis.com/v1beta1/projects/poszambo/webApps/-/config 200
[debug] [2025-08-09T17:35:20.562Z] <<< [apiv2][body] GET https://firebase.googleapis.com/v1beta1/projects/poszambo/webApps/-/config {"projectId":"poszambo","storageBucket":"poszambo.firebasestorage.app","apiKey":"AIzaSyDQk75_C6jwt7oHExIspcs_GlI_p6LNOQw","authDomain":"poszambo.firebaseapp.com","messagingSenderId":"76313979039"}
[debug] [2025-08-09T17:35:20.579Z] Checked if tokens are valid: true, expires at: 1754764381102
[debug] [2025-08-09T17:35:20.579Z] Checked if tokens are valid: true, expires at: 1754764381102
[debug] [2025-08-09T17:35:20.580Z] >>> [apiv2][query] GET https://firebase.googleapis.com/v1beta1/projects/poszambo [none]
[debug] [2025-08-09T17:35:20.893Z] <<< [apiv2][status] GET https://firebase.googleapis.com/v1beta1/projects/poszambo 200
[debug] [2025-08-09T17:35:20.893Z] <<< [apiv2][body] GET https://firebase.googleapis.com/v1beta1/projects/poszambo {"projectId":"poszambo","projectNumber":"76313979039","displayName":"poszambo","name":"projects/poszambo","resources":{"hostingSite":"poszambo"},"state":"ACTIVE","etag":"1_1d99ce5f-2199-46dc-851c-e9395eb163e1"}
[info] i  hosting[poszambo]: Serving hosting files from: frontend/build {"metadata":{"emulator":{"name":"hosting"},"message":"Serving hosting files from: \u001b[1mfrontend/build\u001b[22m"}}
[info] +  hosting[poszambo]: Local server: http://127.0.0.1:5100 {"metadata":{"emulator":{"name":"hosting"},"message":"Local server: \u001b[4m\u001b[1mhttp://127.0.0.1:5100\u001b[22m\u001b[24m"}}
[debug] [2025-08-09T17:35:20.918Z] [Extensions] Connecting Extensions emulator, this is a noop.
[info] i  functions: Watching "C:\Users\szamb\pos-system\backend\functions" for Cloud Functions... {"metadata":{"emulator":{"name":"functions"},"message":"Watching \"C:\\Users\\szamb\\pos-system\\backend\\functions\" for Cloud Functions..."}}
[debug] [2025-08-09T17:35:20.924Z] Validating nodejs source
[debug] [2025-08-09T17:35:23.263Z] > [functions] package.json contents: {
  "name": "pos-backend",
  "version": "1.0.0",
  "main": "lib/index.js",
  "scripts": {
    "build": "tsc",
    "serve": "firebase emulators:start --only functions,firestore",
    "shell": "firebase functions:shell",
    "start": "npm run shell",
    "deploy": "firebase deploy --only functions",
    "logs": "firebase functions:log",
    "create-admin": "cross-env GCLOUD_PROJECT=poszambo FIRESTORE_EMULATOR_HOST=127.0.0.1:8180 ts-node src/scripts/createAdmin.ts",
    "read-admin": "cross-env GCLOUD_PROJECT=poszambo FIRESTORE_EMULATOR_HOST=127.0.0.1:8180 ts-node src/scripts/readAdmin.ts"
  },
  "dependencies": {
    "bcrypt": "^5.1.1",
    "cors": "^2.8.5",
    "express": "^4.19.2",
    "firebase-admin": "^12.1.0",
    "firebase-functions": "^6.4.0",
    "joi": "^17.13.1",
    "jsonwebtoken": "^9.0.2"
  },
  "devDependencies": {
    "@types/bcrypt": "^5.0.2",
    "@types/cors": "^2.8.17",
    "@types/express": "^4.17.21",
    "@types/jsonwebtoken": "^9.0.6",
    "cross-env": "^10.0.0",
    "ts-node": "^10.9.2",
    "typescript": "^5.4.5"
  }
}
[debug] [2025-08-09T17:35:23.263Z] Building nodejs source
[debug] [2025-08-09T17:35:23.264Z] Failed to find version of module node: reached end of search path C:\Users\szamb\pos-system\backend\functions\node_modules
[info] +  functions: Using node@22 from host. 
[debug] [2025-08-09T17:35:23.271Z] Could not find functions.yaml. Must use http discovery
[debug] [2025-08-09T17:35:23.291Z] Found firebase-functions binary at 'C:\Users\szamb\pos-system\backend\functions\node_modules\.bin\firebase-functions'
[info] Serving at port 8212

[debug] [2025-08-09T17:35:25.690Z] Got response from /__/functions.yaml {"endpoints":{"api":{"availableMemoryMb":null,"timeoutSeconds":null,"minInstances":null,"maxInstances":null,"ingressSettings":null,"concurrency":null,"serviceAccountEmail":null,"vpc":null,"platform":"gcfv2","labels":{},"httpsTrigger":{},"entryPoint":"api"}},"specVersion":"v1alpha1","requiredAPIs":[],"extensions":{}}
[debug] [2025-08-09T17:35:29.738Z] defaultcredentials: writing to file C:\Users\szamb\AppData\Roaming\firebase\brozerneo_gmail_com_application_default_credentials.json
[debug] [2025-08-09T17:35:29.739Z] Setting GAC to C:\Users\szamb\AppData\Roaming\firebase\brozerneo_gmail_com_application_default_credentials.json {"metadata":{"emulator":{"name":"functions"},"message":"Setting GAC to C:\\Users\\szamb\\AppData\\Roaming\\firebase\\brozerneo_gmail_com_application_default_credentials.json"}}
[info] +  functions: Loaded functions definitions from source: api. {"metadata":{"emulator":{"name":"functions"},"message":"Loaded functions definitions from source: api."}}
[info] +  functions[us-central1-api]: http function initialized (http://127.0.0.1:5101/poszambo/us-central1/api). {"metadata":{"emulator":{"name":"functions"},"message":"\u001b[1mhttp\u001b[22m function initialized (http://127.0.0.1:5101/poszambo/us-central1/api)."}}
[debug] [2025-08-09T17:35:29.756Z] Could not find VSCode notification endpoint: FetchError: request to http://localhost:40001/vscode/notify failed, reason: . If you are not running the Firebase Data Connect VSCode extension, this is expected and not an issue.
[info] 
┌─────────────────────────────────────────────────────────────┐
│ ✔  All emulators ready! It is now safe to connect your app. │
│ i  View Emulator UI at http://127.0.0.1:4100/               │
└─────────────────────────────────────────────────────────────┘

┌────────────────┬────────────────┬──────────────────────────────────┐
│ Emulator       │ Host:Port      │ View in Emulator UI              │
├────────────────┼────────────────┼──────────────────────────────────┤
│ Authentication │ 127.0.0.1:9199 │ http://127.0.0.1:4100/auth       │
├────────────────┼────────────────┼──────────────────────────────────┤
│ Functions      │ 127.0.0.1:5101 │ http://127.0.0.1:4100/functions  │
├────────────────┼────────────────┼──────────────────────────────────┤
│ Firestore      │ 127.0.0.1:8180 │ http://127.0.0.1:4100/firestore  │
├────────────────┼────────────────┼──────────────────────────────────┤
│ Hosting        │ 127.0.0.1:5100 │ n/a                              │
├────────────────┼────────────────┼──────────────────────────────────┤
│ Extensions     │ 127.0.0.1:5101 │ http://127.0.0.1:4100/extensions │
└────────────────┴────────────────┴──────────────────────────────────┘
  Emulator Hub host: 127.0.0.1 port: 4400
  Other reserved ports: 4500, 9150
┌─────────────────────────┬───────────────┬─────────────────────┐
│ Extension Instance Name │ Extension Ref │ View in Emulator UI │
└─────────────────────────┴───────────────┴─────────────────────┘
Issues? Report them at https://github.com/firebase/firebase-tools/issues and attach the *-debug.log files.
 
[debug] [2025-08-09T17:36:17.357Z] File C:\Users\szamb\pos-system\backend\functions\lib\config\firebase.config.js.map changed, reloading triggers {"metadata":{"emulator":{"name":"functions"},"message":"File C:\\Users\\szamb\\pos-system\\backend\\functions\\lib\\config\\firebase.config.js.map changed, reloading triggers"}}
[debug] [2025-08-09T17:36:17.364Z] File C:\Users\szamb\pos-system\backend\functions\lib\config\firebase.config.js changed, reloading triggers {"metadata":{"emulator":{"name":"functions"},"message":"File C:\\Users\\szamb\\pos-system\\backend\\functions\\lib\\config\\firebase.config.js changed, reloading triggers"}}
[debug] [2025-08-09T17:36:17.367Z] File C:\Users\szamb\pos-system\backend\functions\lib\models\User.js.map changed, reloading triggers {"metadata":{"emulator":{"name":"functions"},"message":"File C:\\Users\\szamb\\pos-system\\backend\\functions\\lib\\models\\User.js.map changed, reloading triggers"}}
[debug] [2025-08-09T17:36:17.373Z] File C:\Users\szamb\pos-system\backend\functions\lib\models\User.js changed, reloading triggers {"metadata":{"emulator":{"name":"functions"},"message":"File C:\\Users\\szamb\\pos-system\\backend\\functions\\lib\\models\\User.js changed, reloading triggers"}}
[debug] [2025-08-09T17:36:17.385Z] File C:\Users\szamb\pos-system\backend\functions\lib\api\controllers\auth.controller.js.map changed, reloading triggers {"metadata":{"emulator":{"name":"functions"},"message":"File C:\\Users\\szamb\\pos-system\\backend\\functions\\lib\\api\\controllers\\auth.controller.js.map changed, reloading triggers"}}
[debug] [2025-08-09T17:36:17.386Z] File C:\Users\szamb\pos-system\backend\functions\lib\api\controllers\auth.controller.js changed, reloading triggers {"metadata":{"emulator":{"name":"functions"},"message":"File C:\\Users\\szamb\\pos-system\\backend\\functions\\lib\\api\\controllers\\auth.controller.js changed, reloading triggers"}}
[debug] [2025-08-09T17:36:17.389Z] File C:\Users\szamb\pos-system\backend\functions\lib\api\routes\auth.routes.js.map changed, reloading triggers {"metadata":{"emulator":{"name":"functions"},"message":"File C:\\Users\\szamb\\pos-system\\backend\\functions\\lib\\api\\routes\\auth.routes.js.map changed, reloading triggers"}}
[debug] [2025-08-09T17:36:17.396Z] File C:\Users\szamb\pos-system\backend\functions\lib\models\Product.js.map changed, reloading triggers {"metadata":{"emulator":{"name":"functions"},"message":"File C:\\Users\\szamb\\pos-system\\backend\\functions\\lib\\models\\Product.js.map changed, reloading triggers"}}
[debug] [2025-08-09T17:36:17.396Z] File C:\Users\szamb\pos-system\backend\functions\lib\api\routes\auth.routes.js changed, reloading triggers {"metadata":{"emulator":{"name":"functions"},"message":"File C:\\Users\\szamb\\pos-system\\backend\\functions\\lib\\api\\routes\\auth.routes.js changed, reloading triggers"}}
[debug] [2025-08-09T17:36:17.405Z] File C:\Users\szamb\pos-system\backend\functions\lib\models\Product.js changed, reloading triggers {"metadata":{"emulator":{"name":"functions"},"message":"File C:\\Users\\szamb\\pos-system\\backend\\functions\\lib\\models\\Product.js changed, reloading triggers"}}
[debug] [2025-08-09T17:36:17.409Z] File C:\Users\szamb\pos-system\backend\functions\lib\api\controllers\products.controller.js.map changed, reloading triggers {"metadata":{"emulator":{"name":"functions"},"message":"File C:\\Users\\szamb\\pos-system\\backend\\functions\\lib\\api\\controllers\\products.controller.js.map changed, reloading triggers"}}
[debug] [2025-08-09T17:36:17.417Z] File C:\Users\szamb\pos-system\backend\functions\lib\api\controllers\products.controller.js changed, reloading triggers {"metadata":{"emulator":{"name":"functions"},"message":"File C:\\Users\\szamb\\pos-system\\backend\\functions\\lib\\api\\controllers\\products.controller.js changed, reloading triggers"}}
[debug] [2025-08-09T17:36:17.419Z] File C:\Users\szamb\pos-system\backend\functions\lib\api\middlewares\auth.middleware.js.map changed, reloading triggers {"metadata":{"emulator":{"name":"functions"},"message":"File C:\\Users\\szamb\\pos-system\\backend\\functions\\lib\\api\\middlewares\\auth.middleware.js.map changed, reloading triggers"}}
[debug] [2025-08-09T17:36:17.425Z] File C:\Users\szamb\pos-system\backend\functions\lib\api\middlewares\auth.middleware.js changed, reloading triggers {"metadata":{"emulator":{"name":"functions"},"message":"File C:\\Users\\szamb\\pos-system\\backend\\functions\\lib\\api\\middlewares\\auth.middleware.js changed, reloading triggers"}}
[debug] [2025-08-09T17:36:17.428Z] File C:\Users\szamb\pos-system\backend\functions\lib\api\routes\products.routes.js.map changed, reloading triggers {"metadata":{"emulator":{"name":"functions"},"message":"File C:\\Users\\szamb\\pos-system\\backend\\functions\\lib\\api\\routes\\products.routes.js.map changed, reloading triggers"}}
[debug] [2025-08-09T17:36:17.434Z] File C:\Users\szamb\pos-system\backend\functions\lib\api\routes\products.routes.js changed, reloading triggers {"metadata":{"emulator":{"name":"functions"},"message":"File C:\\Users\\szamb\\pos-system\\backend\\functions\\lib\\api\\routes\\products.routes.js changed, reloading triggers"}}
[debug] [2025-08-09T17:36:17.440Z] File C:\Users\szamb\pos-system\backend\functions\lib\api\routes\sales.routes.js.map changed, reloading triggers {"metadata":{"emulator":{"name":"functions"},"message":"File C:\\Users\\szamb\\pos-system\\backend\\functions\\lib\\api\\routes\\sales.routes.js.map changed, reloading triggers"}}
[debug] [2025-08-09T17:36:17.441Z] File C:\Users\szamb\pos-system\backend\functions\lib\api\routes\sales.routes.js changed, reloading triggers {"metadata":{"emulator":{"name":"functions"},"message":"File C:\\Users\\szamb\\pos-system\\backend\\functions\\lib\\api\\routes\\sales.routes.js changed, reloading triggers"}}
[debug] [2025-08-09T17:36:17.451Z] File C:\Users\szamb\pos-system\backend\functions\lib\index.js.map changed, reloading triggers {"metadata":{"emulator":{"name":"functions"},"message":"File C:\\Users\\szamb\\pos-system\\backend\\functions\\lib\\index.js.map changed, reloading triggers"}}
[debug] [2025-08-09T17:36:17.452Z] File C:\Users\szamb\pos-system\backend\functions\lib\api\routes\status.routes.js.map changed, reloading triggers {"metadata":{"emulator":{"name":"functions"},"message":"File C:\\Users\\szamb\\pos-system\\backend\\functions\\lib\\api\\routes\\status.routes.js.map changed, reloading triggers"}}
[debug] [2025-08-09T17:36:17.452Z] File C:\Users\szamb\pos-system\backend\functions\lib\api\routes\status.routes.js changed, reloading triggers {"metadata":{"emulator":{"name":"functions"},"message":"File C:\\Users\\szamb\\pos-system\\backend\\functions\\lib\\api\\routes\\status.routes.js changed, reloading triggers"}}
[debug] [2025-08-09T17:36:17.452Z] File C:\Users\szamb\pos-system\backend\functions\lib\api\services\firestore.service.js.map changed, reloading triggers {"metadata":{"emulator":{"name":"functions"},"message":"File C:\\Users\\szamb\\pos-system\\backend\\functions\\lib\\api\\services\\firestore.service.js.map changed, reloading triggers"}}
[debug] [2025-08-09T17:36:17.462Z] File C:\Users\szamb\pos-system\backend\functions\lib\index.js changed, reloading triggers {"metadata":{"emulator":{"name":"functions"},"message":"File C:\\Users\\szamb\\pos-system\\backend\\functions\\lib\\index.js changed, reloading triggers"}}
[debug] [2025-08-09T17:36:17.463Z] File C:\Users\szamb\pos-system\backend\functions\lib\scripts\createAdmin.js.map changed, reloading triggers {"metadata":{"emulator":{"name":"functions"},"message":"File C:\\Users\\szamb\\pos-system\\backend\\functions\\lib\\scripts\\createAdmin.js.map changed, reloading triggers"}}
[debug] [2025-08-09T17:36:17.463Z] File C:\Users\szamb\pos-system\backend\functions\lib\api\services\firestore.service.js changed, reloading triggers {"metadata":{"emulator":{"name":"functions"},"message":"File C:\\Users\\szamb\\pos-system\\backend\\functions\\lib\\api\\services\\firestore.service.js changed, reloading triggers"}}
[debug] [2025-08-09T17:36:17.474Z] File C:\Users\szamb\pos-system\backend\functions\lib\scripts\createAdmin.js changed, reloading triggers {"metadata":{"emulator":{"name":"functions"},"message":"File C:\\Users\\szamb\\pos-system\\backend\\functions\\lib\\scripts\\createAdmin.js changed, reloading triggers"}}
[debug] [2025-08-09T17:36:17.474Z] File C:\Users\szamb\pos-system\backend\functions\lib\scripts\readAdmin.js.map changed, reloading triggers {"metadata":{"emulator":{"name":"functions"},"message":"File C:\\Users\\szamb\\pos-system\\backend\\functions\\lib\\scripts\\readAdmin.js.map changed, reloading triggers"}}
[debug] [2025-08-09T17:36:17.474Z] File C:\Users\szamb\pos-system\backend\functions\lib\scripts\readAdmin.js changed, reloading triggers {"metadata":{"emulator":{"name":"functions"},"message":"File C:\\Users\\szamb\\pos-system\\backend\\functions\\lib\\scripts\\readAdmin.js changed, reloading triggers"}}
[debug] [2025-08-09T17:36:18.480Z] Validating nodejs source
[debug] [2025-08-09T17:36:20.051Z] > [functions] package.json contents: {
  "name": "pos-backend",
  "version": "1.0.0",
  "main": "lib/index.js",
  "scripts": {
    "build": "tsc",
    "serve": "firebase emulators:start --only functions,firestore",
    "shell": "firebase functions:shell",
    "start": "npm run shell",
    "deploy": "firebase deploy --only functions",
    "logs": "firebase functions:log",
    "create-admin": "cross-env GCLOUD_PROJECT=poszambo FIRESTORE_EMULATOR_HOST=127.0.0.1:8180 ts-node src/scripts/createAdmin.ts",
    "read-admin": "cross-env GCLOUD_PROJECT=poszambo FIRESTORE_EMULATOR_HOST=127.0.0.1:8180 ts-node src/scripts/readAdmin.ts"
  },
  "dependencies": {
    "bcrypt": "^5.1.1",
    "cors": "^2.8.5",
    "express": "^4.19.2",
    "firebase-admin": "^12.1.0",
    "firebase-functions": "^6.4.0",
    "joi": "^17.13.1",
    "jsonwebtoken": "^9.0.2"
  },
  "devDependencies": {
    "@types/bcrypt": "^5.0.2",
    "@types/cors": "^2.8.17",
    "@types/express": "^4.17.21",
    "@types/jsonwebtoken": "^9.0.6",
    "cross-env": "^10.0.0",
    "ts-node": "^10.9.2",
    "typescript": "^5.4.5"
  }
}
[debug] [2025-08-09T17:36:20.052Z] Building nodejs source
[debug] [2025-08-09T17:36:20.052Z] Failed to find version of module node: reached end of search path C:\Users\szamb\pos-system\backend\functions\node_modules
[info] +  functions: Using node@22 from host. 
[debug] [2025-08-09T17:36:20.053Z] Could not find functions.yaml. Must use http discovery
[debug] [2025-08-09T17:36:20.064Z] Found firebase-functions binary at 'C:\Users\szamb\pos-system\backend\functions\node_modules\.bin\firebase-functions'
[info] Serving at port 8915

[debug] [2025-08-09T17:36:21.520Z] Got response from /__/functions.yaml {"endpoints":{"api":{"availableMemoryMb":null,"timeoutSeconds":null,"minInstances":null,"maxInstances":null,"ingressSettings":null,"concurrency":null,"serviceAccountEmail":null,"vpc":null,"platform":"gcfv2","labels":{},"httpsTrigger":{},"entryPoint":"api"}},"specVersion":"v1alpha1","requiredAPIs":[],"extensions":{}}
[debug] [2025-08-09T17:36:25.550Z] defaultcredentials: writing to file C:\Users\szamb\AppData\Roaming\firebase\brozerneo_gmail_com_application_default_credentials.json
[debug] [2025-08-09T17:36:25.551Z] Setting GAC to C:\Users\szamb\AppData\Roaming\firebase\brozerneo_gmail_com_application_default_credentials.json {"metadata":{"emulator":{"name":"functions"},"message":"Setting GAC to C:\\Users\\szamb\\AppData\\Roaming\\firebase\\brozerneo_gmail_com_application_default_credentials.json"}}
[info] +  functions: Loaded functions definitions from source: api. {"metadata":{"emulator":{"name":"functions"},"message":"Loaded functions definitions from source: api."}}
[debug] [2025-08-09T17:36:38.838Z] [work-queue] {"queuedWork":["/poszambo/us-central1/api/auth/login-2025-08-09T17:36:38.838Z"],"queueLength":1,"runningWork":[],"workRunningCount":0}
[debug] [2025-08-09T17:36:38.839Z] [work-queue] {"queuedWork":[],"queueLength":0,"runningWork":["/poszambo/us-central1/api/auth/login-2025-08-09T17:36:38.838Z"],"workRunningCount":1}
[debug] [2025-08-09T17:36:38.840Z] Accepted request OPTIONS /poszambo/us-central1/api/auth/login --> us-central1-api
[debug] [2025-08-09T17:36:38.847Z] [functions] Runtime ready! Sending request! {"metadata":{"emulator":{"name":"functions"},"message":"[functions] Runtime ready! Sending request!"}}
[debug] [2025-08-09T17:36:38.848Z] [functions] Got req.url=/poszambo/us-central1/api/auth/login, mapping to path=/auth/login {"metadata":{"emulator":{"name":"functions"},"message":"[functions] Got req.url=/poszambo/us-central1/api/auth/login, mapping to path=/auth/login"}}
[debug] [2025-08-09T17:36:38.889Z] [worker-pool] addWorker(us-central1-api) {"metadata":{"emulator":{"name":"functions"},"message":"[worker-pool] addWorker(us-central1-api)"}}
[debug] [2025-08-09T17:36:38.891Z] [worker-pool] Adding worker with key us-central1-api, total=1 {"metadata":{"emulator":{"name":"functions"},"message":"[worker-pool] Adding worker with key us-central1-api, total=1"}}
[debug] [2025-08-09T17:36:41.437Z] [runtime-status] [24284] Resolved module firebase-admin {"declared":true,"installed":true,"version":"12.7.0","resolution":"C:\\Users\\szamb\\pos-system\\backend\\functions\\node_modules\\firebase-admin\\lib\\index.js"} {"metadata":{"emulator":{"name":"functions"},"function":{"name":"us-central1-api"},"extension":{},"message":"[runtime-status] [24284] Resolved module firebase-admin {\"declared\":true,\"installed\":true,\"version\":\"12.7.0\",\"resolution\":\"C:\\\\Users\\\\szamb\\\\pos-system\\\\backend\\\\functions\\\\node_modules\\\\firebase-admin\\\\lib\\\\index.js\"}"}}
[debug] [2025-08-09T17:36:41.439Z] [runtime-status] [24284] Resolved module firebase-functions {"declared":true,"installed":true,"version":"6.4.0","resolution":"C:\\Users\\szamb\\pos-system\\backend\\functions\\node_modules\\firebase-functions\\lib\\v2\\index.js"} {"metadata":{"emulator":{"name":"functions"},"function":{"name":"us-central1-api"},"extension":{},"message":"[runtime-status] [24284] Resolved module firebase-functions {\"declared\":true,\"installed\":true,\"version\":\"6.4.0\",\"resolution\":\"C:\\\\Users\\\\szamb\\\\pos-system\\\\backend\\\\functions\\\\node_modules\\\\firebase-functions\\\\lib\\\\v2\\\\index.js\"}"}}
[debug] [2025-08-09T17:36:41.440Z] [runtime-status] [24284] Outgoing network have been stubbed. [{"name":"http","status":"mocked"},{"name":"http","status":"mocked"},{"name":"https","status":"mocked"},{"name":"https","status":"mocked"},{"name":"net","status":"mocked"}] {"metadata":{"emulator":{"name":"functions"},"function":{"name":"us-central1-api"},"extension":{},"message":"[runtime-status] [24284] Outgoing network have been stubbed. [{\"name\":\"http\",\"status\":\"mocked\"},{\"name\":\"http\",\"status\":\"mocked\"},{\"name\":\"https\",\"status\":\"mocked\"},{\"name\":\"https\",\"status\":\"mocked\"},{\"name\":\"net\",\"status\":\"mocked\"}]"}}
[debug] [2025-08-09T17:36:41.442Z] [runtime-status] [24284] Resolved module firebase-functions {"declared":true,"installed":true,"version":"6.4.0","resolution":"C:\\Users\\szamb\\pos-system\\backend\\functions\\node_modules\\firebase-functions\\lib\\v2\\index.js"} {"metadata":{"emulator":{"name":"functions"},"function":{"name":"us-central1-api"},"extension":{},"message":"[runtime-status] [24284] Resolved module firebase-functions {\"declared\":true,\"installed\":true,\"version\":\"6.4.0\",\"resolution\":\"C:\\\\Users\\\\szamb\\\\pos-system\\\\backend\\\\functions\\\\node_modules\\\\firebase-functions\\\\lib\\\\v2\\\\index.js\"}"}}
[debug] [2025-08-09T17:36:41.958Z] [runtime-status] [24284] Checked functions.config() {"config":{}} {"metadata":{"emulator":{"name":"functions"},"function":{"name":"us-central1-api"},"extension":{},"message":"[runtime-status] [24284] Checked functions.config() {\"config\":{}}"}}
[debug] [2025-08-09T17:36:41.958Z] [runtime-status] [24284] firebase-functions has been stubbed. {"functionsResolution":{"declared":true,"installed":true,"version":"6.4.0","resolution":"C:\\Users\\szamb\\pos-system\\backend\\functions\\node_modules\\firebase-functions\\lib\\v2\\index.js"}} {"metadata":{"emulator":{"name":"functions"},"function":{"name":"us-central1-api"},"extension":{},"message":"[runtime-status] [24284] firebase-functions has been stubbed. {\"functionsResolution\":{\"declared\":true,\"installed\":true,\"version\":\"6.4.0\",\"resolution\":\"C:\\\\Users\\\\szamb\\\\pos-system\\\\backend\\\\functions\\\\node_modules\\\\firebase-functions\\\\lib\\\\v2\\\\index.js\"}}"}}
[debug] [2025-08-09T17:36:41.960Z] [runtime-status] [24284] Resolved module firebase-functions {"declared":true,"installed":true,"version":"6.4.0","resolution":"C:\\Users\\szamb\\pos-system\\backend\\functions\\node_modules\\firebase-functions\\lib\\v2\\index.js"} {"metadata":{"emulator":{"name":"functions"},"function":{"name":"us-central1-api"},"extension":{},"message":"[runtime-status] [24284] Resolved module firebase-functions {\"declared\":true,\"installed\":true,\"version\":\"6.4.0\",\"resolution\":\"C:\\\\Users\\\\szamb\\\\pos-system\\\\backend\\\\functions\\\\node_modules\\\\firebase-functions\\\\lib\\\\v2\\\\index.js\"}"}}
[debug] [2025-08-09T17:36:41.969Z] [runtime-status] [24284] Resolved module firebase-admin {"declared":true,"installed":true,"version":"12.7.0","resolution":"C:\\Users\\szamb\\pos-system\\backend\\functions\\node_modules\\firebase-admin\\lib\\index.js"} {"metadata":{"emulator":{"name":"functions"},"function":{"name":"us-central1-api"},"extension":{},"message":"[runtime-status] [24284] Resolved module firebase-admin {\"declared\":true,\"installed\":true,\"version\":\"12.7.0\",\"resolution\":\"C:\\\\Users\\\\szamb\\\\pos-system\\\\backend\\\\functions\\\\node_modules\\\\firebase-admin\\\\lib\\\\index.js\"}"}}
[debug] [2025-08-09T17:36:41.973Z] [runtime-status] [24284] Resolved module firebase-functions {"declared":true,"installed":true,"version":"6.4.0","resolution":"C:\\Users\\szamb\\pos-system\\backend\\functions\\node_modules\\firebase-functions\\lib\\v2\\index.js"} {"metadata":{"emulator":{"name":"functions"},"function":{"name":"us-central1-api"},"extension":{},"message":"[runtime-status] [24284] Resolved module firebase-functions {\"declared\":true,\"installed\":true,\"version\":\"6.4.0\",\"resolution\":\"C:\\\\Users\\\\szamb\\\\pos-system\\\\backend\\\\functions\\\\node_modules\\\\firebase-functions\\\\lib\\\\v2\\\\index.js\"}"}}
[debug] [2025-08-09T17:36:41.974Z] [runtime-status] [24284] firebase-admin has been stubbed. {"adminResolution":{"declared":true,"installed":true,"version":"12.7.0","resolution":"C:\\Users\\szamb\\pos-system\\backend\\functions\\node_modules\\firebase-admin\\lib\\index.js"}} {"metadata":{"emulator":{"name":"functions"},"function":{"name":"us-central1-api"},"extension":{},"message":"[runtime-status] [24284] firebase-admin has been stubbed. {\"adminResolution\":{\"declared\":true,\"installed\":true,\"version\":\"12.7.0\",\"resolution\":\"C:\\\\Users\\\\szamb\\\\pos-system\\\\backend\\\\functions\\\\node_modules\\\\firebase-admin\\\\lib\\\\index.js\"}}"}}
[debug] [2025-08-09T17:36:42.180Z] [runtime-status] [24284] initializeApp(DEFAULT) {"storageBucket":"poszambo.firebasestorage.app","projectId":"poszambo"} {"metadata":{"emulator":{"name":"functions"},"function":{"name":"us-central1-api"},"extension":{},"message":"[runtime-status] [24284] initializeApp(DEFAULT) {\"storageBucket\":\"poszambo.firebasestorage.app\",\"projectId\":\"poszambo\"}"}}
[debug] [2025-08-09T17:36:42.310Z] [runtime-status] [24284] Functions runtime initialized. {"cwd":"C:\\Users\\szamb\\pos-system\\backend\\functions","node_version":"22.17.0"} {"metadata":{"emulator":{"name":"functions"},"function":{"name":"us-central1-api"},"extension":{},"message":"[runtime-status] [24284] Functions runtime initialized. {\"cwd\":\"C:\\\\Users\\\\szamb\\\\pos-system\\\\backend\\\\functions\",\"node_version\":\"22.17.0\"}"}}
[debug] [2025-08-09T17:36:42.311Z] [runtime-status] [24284] Listening to port: \\?\pipe\fire_emu_42b08ac720af273d {"metadata":{"emulator":{"name":"functions"},"function":{"name":"us-central1-api"},"extension":{},"message":"[runtime-status] [24284] Listening to port: \\\\?\\pipe\\fire_emu_42b08ac720af273d"}}
[debug] [2025-08-09T17:36:42.339Z] [worker-us-central1-api-23784cc9-d225-4202-b575-d9637d037083]: IDLE {"metadata":{"emulator":{"name":"functions"},"function":{"name":"us-central1-api"},"extension":{},"message":"[worker-us-central1-api-23784cc9-d225-4202-b575-d9637d037083]: IDLE"}}
[debug] [2025-08-09T17:36:42.339Z] [worker-pool] submitRequest(triggerId=us-central1-api) {"metadata":{"emulator":{"name":"functions"},"message":"[worker-pool] submitRequest(triggerId=us-central1-api)"}}
[info] i  functions: Beginning execution of "us-central1-api" {"metadata":{"emulator":{"name":"functions"},"function":{"name":"us-central1-api"},"extension":{},"message":"Beginning execution of \"us-central1-api\""}}
[debug] [2025-08-09T17:36:42.340Z] [worker-us-central1-api-23784cc9-d225-4202-b575-d9637d037083]: BUSY {"metadata":{"emulator":{"name":"functions"},"function":{"name":"us-central1-api"},"extension":{},"message":"[worker-us-central1-api-23784cc9-d225-4202-b575-d9637d037083]: BUSY"}}
[debug] [2025-08-09T17:36:42.353Z] Finishing up request with event=pause {"metadata":{"emulator":{"name":"functions"},"function":{"name":"us-central1-api"},"extension":{},"message":"Finishing up request with event=pause"}}
[info] i  functions: Finished "us-central1-api" in 13.9348ms {"metadata":{"emulator":{"name":"functions"},"function":{"name":"us-central1-api"},"extension":{},"message":"Finished \"us-central1-api\" in 13.9348ms"}}
[debug] [2025-08-09T17:36:42.355Z] [worker-us-central1-api-23784cc9-d225-4202-b575-d9637d037083]: IDLE {"metadata":{"emulator":{"name":"functions"},"function":{"name":"us-central1-api"},"extension":{},"message":"[worker-us-central1-api-23784cc9-d225-4202-b575-d9637d037083]: IDLE"}}
[debug] [2025-08-09T17:36:42.355Z] Finishing up request with event=finish {"metadata":{"emulator":{"name":"functions"},"function":{"name":"us-central1-api"},"extension":{},"message":"Finishing up request with event=finish"}}
[debug] [2025-08-09T17:36:42.355Z] Finishing up request with event=close {"metadata":{"emulator":{"name":"functions"},"function":{"name":"us-central1-api"},"extension":{},"message":"Finishing up request with event=close"}}
[debug] [2025-08-09T17:36:42.355Z] [work-queue] {"queuedWork":[],"queueLength":0,"runningWork":[],"workRunningCount":0}
[debug] [2025-08-09T17:36:42.357Z] [work-queue] {"queuedWork":["/poszambo/us-central1/api/auth/login-2025-08-09T17:36:42.357Z"],"queueLength":1,"runningWork":[],"workRunningCount":0}
[debug] [2025-08-09T17:36:42.357Z] [work-queue] {"queuedWork":[],"queueLength":0,"runningWork":["/poszambo/us-central1/api/auth/login-2025-08-09T17:36:42.357Z"],"workRunningCount":1}
[debug] [2025-08-09T17:36:42.357Z] Accepted request POST /poszambo/us-central1/api/auth/login --> us-central1-api
[debug] [2025-08-09T17:36:42.358Z] [functions] Runtime ready! Sending request! {"metadata":{"emulator":{"name":"functions"},"message":"[functions] Runtime ready! Sending request!"}}
[debug] [2025-08-09T17:36:42.358Z] [functions] Got req.url=/poszambo/us-central1/api/auth/login, mapping to path=/auth/login {"metadata":{"emulator":{"name":"functions"},"message":"[functions] Got req.url=/poszambo/us-central1/api/auth/login, mapping to path=/auth/login"}}
[debug] [2025-08-09T17:36:42.358Z] [worker-pool] submitRequest(triggerId=us-central1-api) {"metadata":{"emulator":{"name":"functions"},"message":"[worker-pool] submitRequest(triggerId=us-central1-api)"}}
[info] i  functions: Beginning execution of "us-central1-api" {"metadata":{"emulator":{"name":"functions"},"function":{"name":"us-central1-api"},"extension":{},"message":"Beginning execution of \"us-central1-api\""}}
[debug] [2025-08-09T17:36:42.359Z] [worker-us-central1-api-23784cc9-d225-4202-b575-d9637d037083]: BUSY {"metadata":{"emulator":{"name":"functions"},"function":{"name":"us-central1-api"},"extension":{},"message":"[worker-us-central1-api-23784cc9-d225-4202-b575-d9637d037083]: BUSY"}}
[info] >  Login attempt for: undefined {"user":"Login attempt for: undefined","metadata":{"emulator":{"name":"functions"},"function":{"name":"us-central1-api"},"extension":{},"message":"\u001b[90m> \u001b[39m Login attempt for: undefined"}}
[info] >  Error logging in: Error: Value for argument "value" is not a valid query constraint. Cannot use "undefined" as a Firestore value. If you want to ignore undefined values, enable `ignoreUndefinedProperties`. {"user":"Error logging in: Error: Value for argument \"value\" is not a valid query constraint. Cannot use \"undefined\" as a Firestore value. If you want to ignore undefined values, enable `ignoreUndefinedProperties`.","metadata":{"emulator":{"name":"functions"},"function":{"name":"us-central1-api"},"extension":{},"message":"\u001b[90m> \u001b[39m Error logging in: Error: Value for argument \"value\" is not a valid query constraint. Cannot use \"undefined\" as a Firestore value. If you want to ignore undefined values, enable `ignoreUndefinedProperties`."}}
[info] >      at validateUserInput (C:\Users\szamb\pos-system\backend\functions\node_modules\@google-cloud\firestore\build\src\serializer.js:383:19) {"user":"    at validateUserInput (C:\\Users\\szamb\\pos-system\\backend\\functions\\node_modules\\@google-cloud\\firestore\\build\\src\\serializer.js:383:19)","metadata":{"emulator":{"name":"functions"},"function":{"name":"us-central1-api"},"extension":{},"message":"\u001b[90m> \u001b[39m     at validateUserInput (C:\\Users\\szamb\\pos-system\\backend\\functions\\node_modules\\@google-cloud\\firestore\\build\\src\\serializer.js:383:19)"}}
[info] >      at validateQueryValue (C:\Users\szamb\pos-system\backend\functions\node_modules\@google-cloud\firestore\build\src\reference\helpers.js:98:40) {"user":"    at validateQueryValue (C:\\Users\\szamb\\pos-system\\backend\\functions\\node_modules\\@google-cloud\\firestore\\build\\src\\reference\\helpers.js:98:40)","metadata":{"emulator":{"name":"functions"},"function":{"name":"us-central1-api"},"extension":{},"message":"\u001b[90m> \u001b[39m     at validateQueryValue (C:\\Users\\szamb\\pos-system\\backend\\functions\\node_modules\\@google-cloud\\firestore\\build\\src\\reference\\helpers.js:98:40)"}}
[info] >      at CollectionReference._parseFieldFilter (C:\Users\szamb\pos-system\backend\functions\node_modules\@google-cloud\firestore\build\src\reference\query.js:166:42) {"user":"    at CollectionReference._parseFieldFilter (C:\\Users\\szamb\\pos-system\\backend\\functions\\node_modules\\@google-cloud\\firestore\\build\\src\\reference\\query.js:166:42)","metadata":{"emulator":{"name":"functions"},"function":{"name":"us-central1-api"},"extension":{},"message":"\u001b[90m> \u001b[39m     at CollectionReference._parseFieldFilter (C:\\Users\\szamb\\pos-system\\backend\\functions\\node_modules\\@google-cloud\\firestore\\build\\src\\reference\\query.js:166:42)"}}
[info] >      at CollectionReference._parseFilter (C:\Users\szamb\pos-system\backend\functions\node_modules\@google-cloud\firestore\build\src\reference\query.js:152:25) {"user":"    at CollectionReference._parseFilter (C:\\Users\\szamb\\pos-system\\backend\\functions\\node_modules\\@google-cloud\\firestore\\build\\src\\reference\\query.js:152:25)","metadata":{"emulator":{"name":"functions"},"function":{"name":"us-central1-api"},"extension":{},"message":"\u001b[90m> \u001b[39m     at CollectionReference._parseFilter (C:\\Users\\szamb\\pos-system\\backend\\functions\\node_modules\\@google-cloud\\firestore\\build\\src\\reference\\query.js:152:25)"}}
[info] >      at CollectionReference.where (C:\Users\szamb\pos-system\backend\functions\node_modules\@google-cloud\firestore\build\src\reference\query.js:136:35) {"user":"    at CollectionReference.where (C:\\Users\\szamb\\pos-system\\backend\\functions\\node_modules\\@google-cloud\\firestore\\build\\src\\reference\\query.js:136:35)","metadata":{"emulator":{"name":"functions"},"function":{"name":"us-central1-api"},"extension":{},"message":"\u001b[90m> \u001b[39m     at CollectionReference.where (C:\\Users\\szamb\\pos-system\\backend\\functions\\node_modules\\@google-cloud\\firestore\\build\\src\\reference\\query.js:136:35)"}}
[info] >      at login (C:\Users\szamb\pos-system\backend\functions\lib\api\controllers\auth.controller.js:70:66) {"user":"    at login (C:\\Users\\szamb\\pos-system\\backend\\functions\\lib\\api\\controllers\\auth.controller.js:70:66)","metadata":{"emulator":{"name":"functions"},"function":{"name":"us-central1-api"},"extension":{},"message":"\u001b[90m> \u001b[39m     at login (C:\\Users\\szamb\\pos-system\\backend\\functions\\lib\\api\\controllers\\auth.controller.js:70:66)"}}
[info] >      at Layer.handle [as handle_request] (C:\Users\szamb\pos-system\backend\functions\node_modules\express\lib\router\layer.js:95:5) {"user":"    at Layer.handle [as handle_request] (C:\\Users\\szamb\\pos-system\\backend\\functions\\node_modules\\express\\lib\\router\\layer.js:95:5)","metadata":{"emulator":{"name":"functions"},"function":{"name":"us-central1-api"},"extension":{},"message":"\u001b[90m> \u001b[39m     at Layer.handle [as handle_request] (C:\\Users\\szamb\\pos-system\\backend\\functions\\node_modules\\express\\lib\\router\\layer.js:95:5)"}}
[info] >      at next (C:\Users\szamb\pos-system\backend\functions\node_modules\express\lib\router\route.js:149:13) {"user":"    at next (C:\\Users\\szamb\\pos-system\\backend\\functions\\node_modules\\express\\lib\\router\\route.js:149:13)","metadata":{"emulator":{"name":"functions"},"function":{"name":"us-central1-api"},"extension":{},"message":"\u001b[90m> \u001b[39m     at next (C:\\Users\\szamb\\pos-system\\backend\\functions\\node_modules\\express\\lib\\router\\route.js:149:13)"}}
[info] >      at Route.dispatch (C:\Users\szamb\pos-system\backend\functions\node_modules\express\lib\router\route.js:119:3) {"user":"    at Route.dispatch (C:\\Users\\szamb\\pos-system\\backend\\functions\\node_modules\\express\\lib\\router\\route.js:119:3)","metadata":{"emulator":{"name":"functions"},"function":{"name":"us-central1-api"},"extension":{},"message":"\u001b[90m> \u001b[39m     at Route.dispatch (C:\\Users\\szamb\\pos-system\\backend\\functions\\node_modules\\express\\lib\\router\\route.js:119:3)"}}
[info] >      at Layer.handle [as handle_request] (C:\Users\szamb\pos-system\backend\functions\node_modules\express\lib\router\layer.js:95:5) {"user":"    at Layer.handle [as handle_request] (C:\\Users\\szamb\\pos-system\\backend\\functions\\node_modules\\express\\lib\\router\\layer.js:95:5)","metadata":{"emulator":{"name":"functions"},"function":{"name":"us-central1-api"},"extension":{},"message":"\u001b[90m> \u001b[39m     at Layer.handle [as handle_request] (C:\\Users\\szamb\\pos-system\\backend\\functions\\node_modules\\express\\lib\\router\\layer.js:95:5)"}}
[debug] [2025-08-09T17:36:42.394Z] Finishing up request with event=pause {"metadata":{"emulator":{"name":"functions"},"function":{"name":"us-central1-api"},"extension":{},"message":"Finishing up request with event=pause"}}
[info] i  functions: Finished "us-central1-api" in 35.1294ms {"metadata":{"emulator":{"name":"functions"},"function":{"name":"us-central1-api"},"extension":{},"message":"Finished \"us-central1-api\" in 35.1294ms"}}
[debug] [2025-08-09T17:36:42.394Z] [worker-us-central1-api-23784cc9-d225-4202-b575-d9637d037083]: IDLE {"metadata":{"emulator":{"name":"functions"},"function":{"name":"us-central1-api"},"extension":{},"message":"[worker-us-central1-api-23784cc9-d225-4202-b575-d9637d037083]: IDLE"}}
[debug] [2025-08-09T17:36:42.395Z] Finishing up request with event=finish {"metadata":{"emulator":{"name":"functions"},"function":{"name":"us-central1-api"},"extension":{},"message":"Finishing up request with event=finish"}}
[debug] [2025-08-09T17:36:42.395Z] Finishing up request with event=close {"metadata":{"emulator":{"name":"functions"},"function":{"name":"us-central1-api"},"extension":{},"message":"Finishing up request with event=close"}}
[debug] [2025-08-09T17:36:42.395Z] [work-queue] {"queuedWork":[],"queueLength":0,"runningWork":[],"workRunningCount":0}
[debug] [2025-08-09T17:37:01.555Z] [work-queue] {"queuedWork":["/poszambo/us-central1/api/auth/login-2025-08-09T17:37:01.554Z"],"queueLength":1,"runningWork":[],"workRunningCount":0}
[debug] [2025-08-09T17:37:01.555Z] [work-queue] {"queuedWork":[],"queueLength":0,"runningWork":["/poszambo/us-central1/api/auth/login-2025-08-09T17:37:01.554Z"],"workRunningCount":1}
[debug] [2025-08-09T17:37:01.555Z] Accepted request OPTIONS /poszambo/us-central1/api/auth/login --> us-central1-api
[debug] [2025-08-09T17:37:01.560Z] [functions] Runtime ready! Sending request! {"metadata":{"emulator":{"name":"functions"},"message":"[functions] Runtime ready! Sending request!"}}
[debug] [2025-08-09T17:37:01.561Z] [functions] Got req.url=/poszambo/us-central1/api/auth/login, mapping to path=/auth/login {"metadata":{"emulator":{"name":"functions"},"message":"[functions] Got req.url=/poszambo/us-central1/api/auth/login, mapping to path=/auth/login"}}
[debug] [2025-08-09T17:37:01.561Z] [worker-pool] submitRequest(triggerId=us-central1-api) {"metadata":{"emulator":{"name":"functions"},"message":"[worker-pool] submitRequest(triggerId=us-central1-api)"}}
[info] i  functions: Beginning execution of "us-central1-api" {"metadata":{"emulator":{"name":"functions"},"function":{"name":"us-central1-api"},"extension":{},"message":"Beginning execution of \"us-central1-api\""}}
[debug] [2025-08-09T17:37:01.562Z] [worker-us-central1-api-23784cc9-d225-4202-b575-d9637d037083]: BUSY {"metadata":{"emulator":{"name":"functions"},"function":{"name":"us-central1-api"},"extension":{},"message":"[worker-us-central1-api-23784cc9-d225-4202-b575-d9637d037083]: BUSY"}}
[debug] [2025-08-09T17:37:01.569Z] Finishing up request with event=pause {"metadata":{"emulator":{"name":"functions"},"function":{"name":"us-central1-api"},"extension":{},"message":"Finishing up request with event=pause"}}
[info] i  functions: Finished "us-central1-api" in 7.0786ms {"metadata":{"emulator":{"name":"functions"},"function":{"name":"us-central1-api"},"extension":{},"message":"Finished \"us-central1-api\" in 7.0786ms"}}
[debug] [2025-08-09T17:37:01.571Z] [worker-us-central1-api-23784cc9-d225-4202-b575-d9637d037083]: IDLE {"metadata":{"emulator":{"name":"functions"},"function":{"name":"us-central1-api"},"extension":{},"message":"[worker-us-central1-api-23784cc9-d225-4202-b575-d9637d037083]: IDLE"}}
[debug] [2025-08-09T17:37:01.571Z] Finishing up request with event=finish {"metadata":{"emulator":{"name":"functions"},"function":{"name":"us-central1-api"},"extension":{},"message":"Finishing up request with event=finish"}}
[debug] [2025-08-09T17:37:01.571Z] Finishing up request with event=close {"metadata":{"emulator":{"name":"functions"},"function":{"name":"us-central1-api"},"extension":{},"message":"Finishing up request with event=close"}}
[debug] [2025-08-09T17:37:01.572Z] [work-queue] {"queuedWork":[],"queueLength":0,"runningWork":[],"workRunningCount":0}
[debug] [2025-08-09T17:37:01.573Z] [work-queue] {"queuedWork":["/poszambo/us-central1/api/auth/login-2025-08-09T17:37:01.573Z"],"queueLength":1,"runningWork":[],"workRunningCount":0}
[debug] [2025-08-09T17:37:01.573Z] [work-queue] {"queuedWork":[],"queueLength":0,"runningWork":["/poszambo/us-central1/api/auth/login-2025-08-09T17:37:01.573Z"],"workRunningCount":1}
[debug] [2025-08-09T17:37:01.573Z] Accepted request POST /poszambo/us-central1/api/auth/login --> us-central1-api
[debug] [2025-08-09T17:37:01.578Z] [functions] Runtime ready! Sending request! {"metadata":{"emulator":{"name":"functions"},"message":"[functions] Runtime ready! Sending request!"}}
[debug] [2025-08-09T17:37:01.579Z] [functions] Got req.url=/poszambo/us-central1/api/auth/login, mapping to path=/auth/login {"metadata":{"emulator":{"name":"functions"},"message":"[functions] Got req.url=/poszambo/us-central1/api/auth/login, mapping to path=/auth/login"}}
[debug] [2025-08-09T17:37:01.579Z] [worker-pool] submitRequest(triggerId=us-central1-api) {"metadata":{"emulator":{"name":"functions"},"message":"[worker-pool] submitRequest(triggerId=us-central1-api)"}}
[info] i  functions: Beginning execution of "us-central1-api" {"metadata":{"emulator":{"name":"functions"},"function":{"name":"us-central1-api"},"extension":{},"message":"Beginning execution of \"us-central1-api\""}}
[debug] [2025-08-09T17:37:01.581Z] [worker-us-central1-api-23784cc9-d225-4202-b575-d9637d037083]: BUSY {"metadata":{"emulator":{"name":"functions"},"function":{"name":"us-central1-api"},"extension":{},"message":"[worker-us-central1-api-23784cc9-d225-4202-b575-d9637d037083]: BUSY"}}
[info] >  Login attempt for: undefined {"user":"Login attempt for: undefined","metadata":{"emulator":{"name":"functions"},"function":{"name":"us-central1-api"},"extension":{},"message":"\u001b[90m> \u001b[39m Login attempt for: undefined"}}
[info] >  Error logging in: Error: Value for argument "value" is not a valid query constraint. Cannot use "undefined" as a Firestore value. If you want to ignore undefined values, enable `ignoreUndefinedProperties`. {"user":"Error logging in: Error: Value for argument \"value\" is not a valid query constraint. Cannot use \"undefined\" as a Firestore value. If you want to ignore undefined values, enable `ignoreUndefinedProperties`.","metadata":{"emulator":{"name":"functions"},"function":{"name":"us-central1-api"},"extension":{},"message":"\u001b[90m> \u001b[39m Error logging in: Error: Value for argument \"value\" is not a valid query constraint. Cannot use \"undefined\" as a Firestore value. If you want to ignore undefined values, enable `ignoreUndefinedProperties`."}}
[info] >      at validateUserInput (C:\Users\szamb\pos-system\backend\functions\node_modules\@google-cloud\firestore\build\src\serializer.js:383:19) {"user":"    at validateUserInput (C:\\Users\\szamb\\pos-system\\backend\\functions\\node_modules\\@google-cloud\\firestore\\build\\src\\serializer.js:383:19)","metadata":{"emulator":{"name":"functions"},"function":{"name":"us-central1-api"},"extension":{},"message":"\u001b[90m> \u001b[39m     at validateUserInput (C:\\Users\\szamb\\pos-system\\backend\\functions\\node_modules\\@google-cloud\\firestore\\build\\src\\serializer.js:383:19)"}}
[info] >      at validateQueryValue (C:\Users\szamb\pos-system\backend\functions\node_modules\@google-cloud\firestore\build\src\reference\helpers.js:98:40) {"user":"    at validateQueryValue (C:\\Users\\szamb\\pos-system\\backend\\functions\\node_modules\\@google-cloud\\firestore\\build\\src\\reference\\helpers.js:98:40)","metadata":{"emulator":{"name":"functions"},"function":{"name":"us-central1-api"},"extension":{},"message":"\u001b[90m> \u001b[39m     at validateQueryValue (C:\\Users\\szamb\\pos-system\\backend\\functions\\node_modules\\@google-cloud\\firestore\\build\\src\\reference\\helpers.js:98:40)"}}
[info] >      at CollectionReference._parseFieldFilter (C:\Users\szamb\pos-system\backend\functions\node_modules\@google-cloud\firestore\build\src\reference\query.js:166:42) {"user":"    at CollectionReference._parseFieldFilter (C:\\Users\\szamb\\pos-system\\backend\\functions\\node_modules\\@google-cloud\\firestore\\build\\src\\reference\\query.js:166:42)","metadata":{"emulator":{"name":"functions"},"function":{"name":"us-central1-api"},"extension":{},"message":"\u001b[90m> \u001b[39m     at CollectionReference._parseFieldFilter (C:\\Users\\szamb\\pos-system\\backend\\functions\\node_modules\\@google-cloud\\firestore\\build\\src\\reference\\query.js:166:42)"}}
[info] >      at CollectionReference._parseFilter (C:\Users\szamb\pos-system\backend\functions\node_modules\@google-cloud\firestore\build\src\reference\query.js:152:25) {"user":"    at CollectionReference._parseFilter (C:\\Users\\szamb\\pos-system\\backend\\functions\\node_modules\\@google-cloud\\firestore\\build\\src\\reference\\query.js:152:25)","metadata":{"emulator":{"name":"functions"},"function":{"name":"us-central1-api"},"extension":{},"message":"\u001b[90m> \u001b[39m     at CollectionReference._parseFilter (C:\\Users\\szamb\\pos-system\\backend\\functions\\node_modules\\@google-cloud\\firestore\\build\\src\\reference\\query.js:152:25)"}}
[info] >      at CollectionReference.where (C:\Users\szamb\pos-system\backend\functions\node_modules\@google-cloud\firestore\build\src\reference\query.js:136:35) {"user":"    at CollectionReference.where (C:\\Users\\szamb\\pos-system\\backend\\functions\\node_modules\\@google-cloud\\firestore\\build\\src\\reference\\query.js:136:35)","metadata":{"emulator":{"name":"functions"},"function":{"name":"us-central1-api"},"extension":{},"message":"\u001b[90m> \u001b[39m     at CollectionReference.where (C:\\Users\\szamb\\pos-system\\backend\\functions\\node_modules\\@google-cloud\\firestore\\build\\src\\reference\\query.js:136:35)"}}
[info] >      at login (C:\Users\szamb\pos-system\backend\functions\lib\api\controllers\auth.controller.js:70:66) {"user":"    at login (C:\\Users\\szamb\\pos-system\\backend\\functions\\lib\\api\\controllers\\auth.controller.js:70:66)","metadata":{"emulator":{"name":"functions"},"function":{"name":"us-central1-api"},"extension":{},"message":"\u001b[90m> \u001b[39m     at login (C:\\Users\\szamb\\pos-system\\backend\\functions\\lib\\api\\controllers\\auth.controller.js:70:66)"}}
[info] >      at Layer.handle [as handle_request] (C:\Users\szamb\pos-system\backend\functions\node_modules\express\lib\router\layer.js:95:5) {"user":"    at Layer.handle [as handle_request] (C:\\Users\\szamb\\pos-system\\backend\\functions\\node_modules\\express\\lib\\router\\layer.js:95:5)","metadata":{"emulator":{"name":"functions"},"function":{"name":"us-central1-api"},"extension":{},"message":"\u001b[90m> \u001b[39m     at Layer.handle [as handle_request] (C:\\Users\\szamb\\pos-system\\backend\\functions\\node_modules\\express\\lib\\router\\layer.js:95:5)"}}
[info] >      at next (C:\Users\szamb\pos-system\backend\functions\node_modules\express\lib\router\route.js:149:13) {"user":"    at next (C:\\Users\\szamb\\pos-system\\backend\\functions\\node_modules\\express\\lib\\router\\route.js:149:13)","metadata":{"emulator":{"name":"functions"},"function":{"name":"us-central1-api"},"extension":{},"message":"\u001b[90m> \u001b[39m     at next (C:\\Users\\szamb\\pos-system\\backend\\functions\\node_modules\\express\\lib\\router\\route.js:149:13)"}}
[info] >      at Route.dispatch (C:\Users\szamb\pos-system\backend\functions\node_modules\express\lib\router\route.js:119:3) {"user":"    at Route.dispatch (C:\\Users\\szamb\\pos-system\\backend\\functions\\node_modules\\express\\lib\\router\\route.js:119:3)","metadata":{"emulator":{"name":"functions"},"function":{"name":"us-central1-api"},"extension":{},"message":"\u001b[90m> \u001b[39m     at Route.dispatch (C:\\Users\\szamb\\pos-system\\backend\\functions\\node_modules\\express\\lib\\router\\route.js:119:3)"}}
[info] >      at Layer.handle [as handle_request] (C:\Users\szamb\pos-system\backend\functions\node_modules\express\lib\router\layer.js:95:5) {"user":"    at Layer.handle [as handle_request] (C:\\Users\\szamb\\pos-system\\backend\\functions\\node_modules\\express\\lib\\router\\layer.js:95:5)","metadata":{"emulator":{"name":"functions"},"function":{"name":"us-central1-api"},"extension":{},"message":"\u001b[90m> \u001b[39m     at Layer.handle [as handle_request] (C:\\Users\\szamb\\pos-system\\backend\\functions\\node_modules\\express\\lib\\router\\layer.js:95:5)"}}
[debug] [2025-08-09T17:37:01.606Z] Finishing up request with event=pause {"metadata":{"emulator":{"name":"functions"},"function":{"name":"us-central1-api"},"extension":{},"message":"Finishing up request with event=pause"}}
[info] i  functions: Finished "us-central1-api" in 25.7792ms {"metadata":{"emulator":{"name":"functions"},"function":{"name":"us-central1-api"},"extension":{},"message":"Finished \"us-central1-api\" in 25.7792ms"}}
[debug] [2025-08-09T17:37:01.607Z] [worker-us-central1-api-23784cc9-d225-4202-b575-d9637d037083]: IDLE {"metadata":{"emulator":{"name":"functions"},"function":{"name":"us-central1-api"},"extension":{},"message":"[worker-us-central1-api-23784cc9-d225-4202-b575-d9637d037083]: IDLE"}}
[debug] [2025-08-09T17:37:01.608Z] Finishing up request with event=finish {"metadata":{"emulator":{"name":"functions"},"function":{"name":"us-central1-api"},"extension":{},"message":"Finishing up request with event=finish"}}
[debug] [2025-08-09T17:37:01.608Z] Finishing up request with event=close {"metadata":{"emulator":{"name":"functions"},"function":{"name":"us-central1-api"},"extension":{},"message":"Finishing up request with event=close"}}
[debug] [2025-08-09T17:37:01.609Z] [work-queue] {"queuedWork":[],"queueLength":0,"runningWork":[],"workRunningCount":0}
[debug] [2025-08-09T17:38:14.268Z] [work-queue] {"queuedWork":["/poszambo/us-central1/api/auth/login-2025-08-09T17:38:14.268Z"],"queueLength":1,"runningWork":[],"workRunningCount":0}
[debug] [2025-08-09T17:38:14.268Z] [work-queue] {"queuedWork":[],"queueLength":0,"runningWork":["/poszambo/us-central1/api/auth/login-2025-08-09T17:38:14.268Z"],"workRunningCount":1}
[debug] [2025-08-09T17:38:14.268Z] Accepted request OPTIONS /poszambo/us-central1/api/auth/login --> us-central1-api
[debug] [2025-08-09T17:38:14.275Z] [functions] Runtime ready! Sending request! {"metadata":{"emulator":{"name":"functions"},"message":"[functions] Runtime ready! Sending request!"}}
[debug] [2025-08-09T17:38:14.275Z] [functions] Got req.url=/poszambo/us-central1/api/auth/login, mapping to path=/auth/login {"metadata":{"emulator":{"name":"functions"},"message":"[functions] Got req.url=/poszambo/us-central1/api/auth/login, mapping to path=/auth/login"}}
[debug] [2025-08-09T17:38:14.276Z] [worker-pool] submitRequest(triggerId=us-central1-api) {"metadata":{"emulator":{"name":"functions"},"message":"[worker-pool] submitRequest(triggerId=us-central1-api)"}}
[info] i  functions: Beginning execution of "us-central1-api" {"metadata":{"emulator":{"name":"functions"},"function":{"name":"us-central1-api"},"extension":{},"message":"Beginning execution of \"us-central1-api\""}}
[debug] [2025-08-09T17:38:14.279Z] [worker-us-central1-api-23784cc9-d225-4202-b575-d9637d037083]: BUSY {"metadata":{"emulator":{"name":"functions"},"function":{"name":"us-central1-api"},"extension":{},"message":"[worker-us-central1-api-23784cc9-d225-4202-b575-d9637d037083]: BUSY"}}
[debug] [2025-08-09T17:38:14.286Z] Finishing up request with event=pause {"metadata":{"emulator":{"name":"functions"},"function":{"name":"us-central1-api"},"extension":{},"message":"Finishing up request with event=pause"}}
[info] i  functions: Finished "us-central1-api" in 7.8319ms {"metadata":{"emulator":{"name":"functions"},"function":{"name":"us-central1-api"},"extension":{},"message":"Finished \"us-central1-api\" in 7.8319ms"}}
[debug] [2025-08-09T17:38:14.289Z] [worker-us-central1-api-23784cc9-d225-4202-b575-d9637d037083]: IDLE {"metadata":{"emulator":{"name":"functions"},"function":{"name":"us-central1-api"},"extension":{},"message":"[worker-us-central1-api-23784cc9-d225-4202-b575-d9637d037083]: IDLE"}}
[debug] [2025-08-09T17:38:14.289Z] Finishing up request with event=finish {"metadata":{"emulator":{"name":"functions"},"function":{"name":"us-central1-api"},"extension":{},"message":"Finishing up request with event=finish"}}
[debug] [2025-08-09T17:38:14.289Z] Finishing up request with event=close {"metadata":{"emulator":{"name":"functions"},"function":{"name":"us-central1-api"},"extension":{},"message":"Finishing up request with event=close"}}
[debug] [2025-08-09T17:38:14.289Z] [work-queue] {"queuedWork":[],"queueLength":0,"runningWork":[],"workRunningCount":0}
[debug] [2025-08-09T17:38:14.291Z] [work-queue] {"queuedWork":["/poszambo/us-central1/api/auth/login-2025-08-09T17:38:14.291Z"],"queueLength":1,"runningWork":[],"workRunningCount":0}
[debug] [2025-08-09T17:38:14.291Z] [work-queue] {"queuedWork":[],"queueLength":0,"runningWork":["/poszambo/us-central1/api/auth/login-2025-08-09T17:38:14.291Z"],"workRunningCount":1}
[debug] [2025-08-09T17:38:14.291Z] Accepted request POST /poszambo/us-central1/api/auth/login --> us-central1-api
[debug] [2025-08-09T17:38:14.297Z] [functions] Runtime ready! Sending request! {"metadata":{"emulator":{"name":"functions"},"message":"[functions] Runtime ready! Sending request!"}}
[debug] [2025-08-09T17:38:14.298Z] [functions] Got req.url=/poszambo/us-central1/api/auth/login, mapping to path=/auth/login {"metadata":{"emulator":{"name":"functions"},"message":"[functions] Got req.url=/poszambo/us-central1/api/auth/login, mapping to path=/auth/login"}}
[debug] [2025-08-09T17:38:14.298Z] [worker-pool] submitRequest(triggerId=us-central1-api) {"metadata":{"emulator":{"name":"functions"},"message":"[worker-pool] submitRequest(triggerId=us-central1-api)"}}
[info] i  functions: Beginning execution of "us-central1-api" {"metadata":{"emulator":{"name":"functions"},"function":{"name":"us-central1-api"},"extension":{},"message":"Beginning execution of \"us-central1-api\""}}
[debug] [2025-08-09T17:38:14.299Z] [worker-us-central1-api-23784cc9-d225-4202-b575-d9637d037083]: BUSY {"metadata":{"emulator":{"name":"functions"},"function":{"name":"us-central1-api"},"extension":{},"message":"[worker-us-central1-api-23784cc9-d225-4202-b575-d9637d037083]: BUSY"}}
[info] >  Login attempt for: ADMIN {"user":"Login attempt for: ADMIN","metadata":{"emulator":{"name":"functions"},"function":{"name":"us-central1-api"},"extension":{},"message":"\u001b[90m> \u001b[39m Login attempt for: ADMIN"}}
[info] >  User not found in DB: ADMIN {"user":"User not found in DB: ADMIN","metadata":{"emulator":{"name":"functions"},"function":{"name":"us-central1-api"},"extension":{},"message":"\u001b[90m> \u001b[39m User not found in DB: ADMIN"}}
[debug] [2025-08-09T17:38:17.224Z] Finishing up request with event=pause {"metadata":{"emulator":{"name":"functions"},"function":{"name":"us-central1-api"},"extension":{},"message":"Finishing up request with event=pause"}}
[info] i  functions: Finished "us-central1-api" in 2925.6915ms {"metadata":{"emulator":{"name":"functions"},"function":{"name":"us-central1-api"},"extension":{},"message":"Finished \"us-central1-api\" in 2925.6915ms"}}
[debug] [2025-08-09T17:38:17.226Z] [worker-us-central1-api-23784cc9-d225-4202-b575-d9637d037083]: IDLE {"metadata":{"emulator":{"name":"functions"},"function":{"name":"us-central1-api"},"extension":{},"message":"[worker-us-central1-api-23784cc9-d225-4202-b575-d9637d037083]: IDLE"}}
[debug] [2025-08-09T17:38:17.226Z] Finishing up request with event=finish {"metadata":{"emulator":{"name":"functions"},"function":{"name":"us-central1-api"},"extension":{},"message":"Finishing up request with event=finish"}}
[debug] [2025-08-09T17:38:17.226Z] Finishing up request with event=close {"metadata":{"emulator":{"name":"functions"},"function":{"name":"us-central1-api"},"extension":{},"message":"Finishing up request with event=close"}}
[debug] [2025-08-09T17:38:17.227Z] [work-queue] {"queuedWork":[],"queueLength":0,"runningWork":[],"workRunningCount":0}
[debug] [2025-08-09T17:40:07.635Z] [work-queue] {"queuedWork":["/poszambo/us-central1/api/auth/login-2025-08-09T17:40:07.635Z"],"queueLength":1,"runningWork":[],"workRunningCount":0}
[debug] [2025-08-09T17:40:07.635Z] [work-queue] {"queuedWork":[],"queueLength":0,"runningWork":["/poszambo/us-central1/api/auth/login-2025-08-09T17:40:07.635Z"],"workRunningCount":1}
[debug] [2025-08-09T17:40:07.635Z] Accepted request OPTIONS /poszambo/us-central1/api/auth/login --> us-central1-api
[debug] [2025-08-09T17:40:07.638Z] [functions] Runtime ready! Sending request! {"metadata":{"emulator":{"name":"functions"},"message":"[functions] Runtime ready! Sending request!"}}
[debug] [2025-08-09T17:40:07.639Z] [functions] Got req.url=/poszambo/us-central1/api/auth/login, mapping to path=/auth/login {"metadata":{"emulator":{"name":"functions"},"message":"[functions] Got req.url=/poszambo/us-central1/api/auth/login, mapping to path=/auth/login"}}
[debug] [2025-08-09T17:40:07.639Z] [worker-pool] submitRequest(triggerId=us-central1-api) {"metadata":{"emulator":{"name":"functions"},"message":"[worker-pool] submitRequest(triggerId=us-central1-api)"}}
[info] i  functions: Beginning execution of "us-central1-api" {"metadata":{"emulator":{"name":"functions"},"function":{"name":"us-central1-api"},"extension":{},"message":"Beginning execution of \"us-central1-api\""}}
[debug] [2025-08-09T17:40:07.639Z] [worker-us-central1-api-23784cc9-d225-4202-b575-d9637d037083]: BUSY {"metadata":{"emulator":{"name":"functions"},"function":{"name":"us-central1-api"},"extension":{},"message":"[worker-us-central1-api-23784cc9-d225-4202-b575-d9637d037083]: BUSY"}}
[debug] [2025-08-09T17:40:07.643Z] Finishing up request with event=pause {"metadata":{"emulator":{"name":"functions"},"function":{"name":"us-central1-api"},"extension":{},"message":"Finishing up request with event=pause"}}
[info] i  functions: Finished "us-central1-api" in 4.0036ms {"metadata":{"emulator":{"name":"functions"},"function":{"name":"us-central1-api"},"extension":{},"message":"Finished \"us-central1-api\" in 4.0036ms"}}
[debug] [2025-08-09T17:40:07.644Z] [worker-us-central1-api-23784cc9-d225-4202-b575-d9637d037083]: IDLE {"metadata":{"emulator":{"name":"functions"},"function":{"name":"us-central1-api"},"extension":{},"message":"[worker-us-central1-api-23784cc9-d225-4202-b575-d9637d037083]: IDLE"}}
[debug] [2025-08-09T17:40:07.644Z] Finishing up request with event=finish {"metadata":{"emulator":{"name":"functions"},"function":{"name":"us-central1-api"},"extension":{},"message":"Finishing up request with event=finish"}}
[debug] [2025-08-09T17:40:07.644Z] Finishing up request with event=close {"metadata":{"emulator":{"name":"functions"},"function":{"name":"us-central1-api"},"extension":{},"message":"Finishing up request with event=close"}}
[debug] [2025-08-09T17:40:07.644Z] [work-queue] {"queuedWork":[],"queueLength":0,"runningWork":[],"workRunningCount":0}
[debug] [2025-08-09T17:40:07.645Z] [work-queue] {"queuedWork":["/poszambo/us-central1/api/auth/login-2025-08-09T17:40:07.645Z"],"queueLength":1,"runningWork":[],"workRunningCount":0}
[debug] [2025-08-09T17:40:07.645Z] [work-queue] {"queuedWork":[],"queueLength":0,"runningWork":["/poszambo/us-central1/api/auth/login-2025-08-09T17:40:07.645Z"],"workRunningCount":1}
[debug] [2025-08-09T17:40:07.645Z] Accepted request POST /poszambo/us-central1/api/auth/login --> us-central1-api
[debug] [2025-08-09T17:40:07.649Z] [functions] Runtime ready! Sending request! {"metadata":{"emulator":{"name":"functions"},"message":"[functions] Runtime ready! Sending request!"}}
[debug] [2025-08-09T17:40:07.650Z] [functions] Got req.url=/poszambo/us-central1/api/auth/login, mapping to path=/auth/login {"metadata":{"emulator":{"name":"functions"},"message":"[functions] Got req.url=/poszambo/us-central1/api/auth/login, mapping to path=/auth/login"}}
[debug] [2025-08-09T17:40:07.650Z] [worker-pool] submitRequest(triggerId=us-central1-api) {"metadata":{"emulator":{"name":"functions"},"message":"[worker-pool] submitRequest(triggerId=us-central1-api)"}}
[info] i  functions: Beginning execution of "us-central1-api" {"metadata":{"emulator":{"name":"functions"},"function":{"name":"us-central1-api"},"extension":{},"message":"Beginning execution of \"us-central1-api\""}}
[debug] [2025-08-09T17:40:07.650Z] [worker-us-central1-api-23784cc9-d225-4202-b575-d9637d037083]: BUSY {"metadata":{"emulator":{"name":"functions"},"function":{"name":"us-central1-api"},"extension":{},"message":"[worker-us-central1-api-23784cc9-d225-4202-b575-d9637d037083]: BUSY"}}
[info] >  Login attempt for: ADMIN {"user":"Login attempt for: ADMIN","metadata":{"emulator":{"name":"functions"},"function":{"name":"us-central1-api"},"extension":{},"message":"\u001b[90m> \u001b[39m Login attempt for: ADMIN"}}
[info] >  User found: ADMIN {"user":"User found: ADMIN","metadata":{"emulator":{"name":"functions"},"function":{"name":"us-central1-api"},"extension":{},"message":"\u001b[90m> \u001b[39m User found: ADMIN"}}
[info] >  Password valid: true {"user":"Password valid: true","metadata":{"emulator":{"name":"functions"},"function":{"name":"us-central1-api"},"extension":{},"message":"\u001b[90m> \u001b[39m Password valid: true"}}
[debug] [2025-08-09T17:40:07.753Z] Finishing up request with event=pause {"metadata":{"emulator":{"name":"functions"},"function":{"name":"us-central1-api"},"extension":{},"message":"Finishing up request with event=pause"}}
[info] i  functions: Finished "us-central1-api" in 102.6472ms {"metadata":{"emulator":{"name":"functions"},"function":{"name":"us-central1-api"},"extension":{},"message":"Finished \"us-central1-api\" in 102.6472ms"}}
[debug] [2025-08-09T17:40:07.753Z] [worker-us-central1-api-23784cc9-d225-4202-b575-d9637d037083]: IDLE {"metadata":{"emulator":{"name":"functions"},"function":{"name":"us-central1-api"},"extension":{},"message":"[worker-us-central1-api-23784cc9-d225-4202-b575-d9637d037083]: IDLE"}}
[debug] [2025-08-09T17:40:07.754Z] Finishing up request with event=finish {"metadata":{"emulator":{"name":"functions"},"function":{"name":"us-central1-api"},"extension":{},"message":"Finishing up request with event=finish"}}
[debug] [2025-08-09T17:40:07.754Z] Finishing up request with event=close {"metadata":{"emulator":{"name":"functions"},"function":{"name":"us-central1-api"},"extension":{},"message":"Finishing up request with event=close"}}
[debug] [2025-08-09T17:40:07.754Z] [work-queue] {"queuedWork":[],"queueLength":0,"runningWork":[],"workRunningCount":0}
[debug] [2025-08-09T17:40:13.292Z] [work-queue] {"queuedWork":["/poszambo/us-central1/api/auth/login-2025-08-09T17:40:13.292Z"],"queueLength":1,"runningWork":[],"workRunningCount":0}
[debug] [2025-08-09T17:40:13.293Z] [work-queue] {"queuedWork":[],"queueLength":0,"runningWork":["/poszambo/us-central1/api/auth/login-2025-08-09T17:40:13.292Z"],"workRunningCount":1}
[debug] [2025-08-09T17:40:13.293Z] Accepted request OPTIONS /poszambo/us-central1/api/auth/login --> us-central1-api
[debug] [2025-08-09T17:40:13.296Z] [functions] Runtime ready! Sending request! {"metadata":{"emulator":{"name":"functions"},"message":"[functions] Runtime ready! Sending request!"}}
[debug] [2025-08-09T17:40:13.297Z] [functions] Got req.url=/poszambo/us-central1/api/auth/login, mapping to path=/auth/login {"metadata":{"emulator":{"name":"functions"},"message":"[functions] Got req.url=/poszambo/us-central1/api/auth/login, mapping to path=/auth/login"}}
[debug] [2025-08-09T17:40:13.297Z] [worker-pool] submitRequest(triggerId=us-central1-api) {"metadata":{"emulator":{"name":"functions"},"message":"[worker-pool] submitRequest(triggerId=us-central1-api)"}}
[info] i  functions: Beginning execution of "us-central1-api" {"metadata":{"emulator":{"name":"functions"},"function":{"name":"us-central1-api"},"extension":{},"message":"Beginning execution of \"us-central1-api\""}}
[debug] [2025-08-09T17:40:13.297Z] [worker-us-central1-api-23784cc9-d225-4202-b575-d9637d037083]: BUSY {"metadata":{"emulator":{"name":"functions"},"function":{"name":"us-central1-api"},"extension":{},"message":"[worker-us-central1-api-23784cc9-d225-4202-b575-d9637d037083]: BUSY"}}
[debug] [2025-08-09T17:40:13.300Z] Finishing up request with event=pause {"metadata":{"emulator":{"name":"functions"},"function":{"name":"us-central1-api"},"extension":{},"message":"Finishing up request with event=pause"}}
[info] i  functions: Finished "us-central1-api" in 3.5394ms {"metadata":{"emulator":{"name":"functions"},"function":{"name":"us-central1-api"},"extension":{},"message":"Finished \"us-central1-api\" in 3.5394ms"}}
[debug] [2025-08-09T17:40:13.301Z] [worker-us-central1-api-23784cc9-d225-4202-b575-d9637d037083]: IDLE {"metadata":{"emulator":{"name":"functions"},"function":{"name":"us-central1-api"},"extension":{},"message":"[worker-us-central1-api-23784cc9-d225-4202-b575-d9637d037083]: IDLE"}}
[debug] [2025-08-09T17:40:13.301Z] Finishing up request with event=finish {"metadata":{"emulator":{"name":"functions"},"function":{"name":"us-central1-api"},"extension":{},"message":"Finishing up request with event=finish"}}
[debug] [2025-08-09T17:40:13.302Z] Finishing up request with event=close {"metadata":{"emulator":{"name":"functions"},"function":{"name":"us-central1-api"},"extension":{},"message":"Finishing up request with event=close"}}
[debug] [2025-08-09T17:40:13.302Z] [work-queue] {"queuedWork":[],"queueLength":0,"runningWork":[],"workRunningCount":0}
[debug] [2025-08-09T17:40:13.303Z] [work-queue] {"queuedWork":["/poszambo/us-central1/api/auth/login-2025-08-09T17:40:13.303Z"],"queueLength":1,"runningWork":[],"workRunningCount":0}
[debug] [2025-08-09T17:40:13.303Z] [work-queue] {"queuedWork":[],"queueLength":0,"runningWork":["/poszambo/us-central1/api/auth/login-2025-08-09T17:40:13.303Z"],"workRunningCount":1}
[debug] [2025-08-09T17:40:13.303Z] Accepted request POST /poszambo/us-central1/api/auth/login --> us-central1-api
[debug] [2025-08-09T17:40:13.307Z] [functions] Runtime ready! Sending request! {"metadata":{"emulator":{"name":"functions"},"message":"[functions] Runtime ready! Sending request!"}}
[debug] [2025-08-09T17:40:13.307Z] [functions] Got req.url=/poszambo/us-central1/api/auth/login, mapping to path=/auth/login {"metadata":{"emulator":{"name":"functions"},"message":"[functions] Got req.url=/poszambo/us-central1/api/auth/login, mapping to path=/auth/login"}}
[debug] [2025-08-09T17:40:13.307Z] [worker-pool] submitRequest(triggerId=us-central1-api) {"metadata":{"emulator":{"name":"functions"},"message":"[worker-pool] submitRequest(triggerId=us-central1-api)"}}
[info] i  functions: Beginning execution of "us-central1-api" {"metadata":{"emulator":{"name":"functions"},"function":{"name":"us-central1-api"},"extension":{},"message":"Beginning execution of \"us-central1-api\""}}
[debug] [2025-08-09T17:40:13.308Z] [worker-us-central1-api-23784cc9-d225-4202-b575-d9637d037083]: BUSY {"metadata":{"emulator":{"name":"functions"},"function":{"name":"us-central1-api"},"extension":{},"message":"[worker-us-central1-api-23784cc9-d225-4202-b575-d9637d037083]: BUSY"}}
[info] >  Login attempt for: ADMIN {"user":"Login attempt for: ADMIN","metadata":{"emulator":{"name":"functions"},"function":{"name":"us-central1-api"},"extension":{},"message":"\u001b[90m> \u001b[39m Login attempt for: ADMIN"}}
[info] >  User found: ADMIN {"user":"User found: ADMIN","metadata":{"emulator":{"name":"functions"},"function":{"name":"us-central1-api"},"extension":{},"message":"\u001b[90m> \u001b[39m User found: ADMIN"}}
[info] >  Password valid: true {"user":"Password valid: true","metadata":{"emulator":{"name":"functions"},"function":{"name":"us-central1-api"},"extension":{},"message":"\u001b[90m> \u001b[39m Password valid: true"}}
[debug] [2025-08-09T17:40:13.414Z] Finishing up request with event=pause {"metadata":{"emulator":{"name":"functions"},"function":{"name":"us-central1-api"},"extension":{},"message":"Finishing up request with event=pause"}}
[info] i  functions: Finished "us-central1-api" in 105.9821ms {"metadata":{"emulator":{"name":"functions"},"function":{"name":"us-central1-api"},"extension":{},"message":"Finished \"us-central1-api\" in 105.9821ms"}}
[debug] [2025-08-09T17:40:13.414Z] [worker-us-central1-api-23784cc9-d225-4202-b575-d9637d037083]: IDLE {"metadata":{"emulator":{"name":"functions"},"function":{"name":"us-central1-api"},"extension":{},"message":"[worker-us-central1-api-23784cc9-d225-4202-b575-d9637d037083]: IDLE"}}
[debug] [2025-08-09T17:40:13.414Z] Finishing up request with event=finish {"metadata":{"emulator":{"name":"functions"},"function":{"name":"us-central1-api"},"extension":{},"message":"Finishing up request with event=finish"}}
[debug] [2025-08-09T17:40:13.415Z] Finishing up request with event=close {"metadata":{"emulator":{"name":"functions"},"function":{"name":"us-central1-api"},"extension":{},"message":"Finishing up request with event=close"}}
[debug] [2025-08-09T17:40:13.415Z] [work-queue] {"queuedWork":[],"queueLength":0,"runningWork":[],"workRunningCount":0}
[debug] [2025-08-10T05:12:05.775Z] [work-queue] {"queuedWork":["/poszambo/us-central1/api/auth/login-2025-08-10T05:12:05.775Z"],"queueLength":1,"runningWork":[],"workRunningCount":0}
[debug] [2025-08-10T05:12:05.776Z] [work-queue] {"queuedWork":[],"queueLength":0,"runningWork":["/poszambo/us-central1/api/auth/login-2025-08-10T05:12:05.775Z"],"workRunningCount":1}
[debug] [2025-08-10T05:12:05.776Z] Accepted request OPTIONS /poszambo/us-central1/api/auth/login --> us-central1-api
[debug] [2025-08-10T05:12:05.787Z] [functions] Runtime ready! Sending request! {"metadata":{"emulator":{"name":"functions"},"message":"[functions] Runtime ready! Sending request!"}}
[debug] [2025-08-10T05:12:05.787Z] [functions] Got req.url=/poszambo/us-central1/api/auth/login, mapping to path=/auth/login {"metadata":{"emulator":{"name":"functions"},"message":"[functions] Got req.url=/poszambo/us-central1/api/auth/login, mapping to path=/auth/login"}}
[debug] [2025-08-10T05:12:05.788Z] [worker-pool] submitRequest(triggerId=us-central1-api) {"metadata":{"emulator":{"name":"functions"},"message":"[worker-pool] submitRequest(triggerId=us-central1-api)"}}
[info] i  functions: Beginning execution of "us-central1-api" {"metadata":{"emulator":{"name":"functions"},"function":{"name":"us-central1-api"},"extension":{},"message":"Beginning execution of \"us-central1-api\""}}
[debug] [2025-08-10T05:12:05.789Z] [worker-us-central1-api-23784cc9-d225-4202-b575-d9637d037083]: BUSY {"metadata":{"emulator":{"name":"functions"},"function":{"name":"us-central1-api"},"extension":{},"message":"[worker-us-central1-api-23784cc9-d225-4202-b575-d9637d037083]: BUSY"}}
[debug] [2025-08-10T05:12:05.797Z] Finishing up request with event=pause {"metadata":{"emulator":{"name":"functions"},"function":{"name":"us-central1-api"},"extension":{},"message":"Finishing up request with event=pause"}}
[info] i  functions: Finished "us-central1-api" in 9.2153ms {"metadata":{"emulator":{"name":"functions"},"function":{"name":"us-central1-api"},"extension":{},"message":"Finished \"us-central1-api\" in 9.2153ms"}}
[debug] [2025-08-10T05:12:05.800Z] [worker-us-central1-api-23784cc9-d225-4202-b575-d9637d037083]: IDLE {"metadata":{"emulator":{"name":"functions"},"function":{"name":"us-central1-api"},"extension":{},"message":"[worker-us-central1-api-23784cc9-d225-4202-b575-d9637d037083]: IDLE"}}
[debug] [2025-08-10T05:12:05.801Z] Finishing up request with event=finish {"metadata":{"emulator":{"name":"functions"},"function":{"name":"us-central1-api"},"extension":{},"message":"Finishing up request with event=finish"}}
[debug] [2025-08-10T05:12:05.802Z] Finishing up request with event=close {"metadata":{"emulator":{"name":"functions"},"function":{"name":"us-central1-api"},"extension":{},"message":"Finishing up request with event=close"}}
[debug] [2025-08-10T05:12:05.802Z] [work-queue] {"queuedWork":[],"queueLength":0,"runningWork":[],"workRunningCount":0}
[debug] [2025-08-10T05:12:05.804Z] [work-queue] {"queuedWork":["/poszambo/us-central1/api/auth/login-2025-08-10T05:12:05.803Z"],"queueLength":1,"runningWork":[],"workRunningCount":0}
[debug] [2025-08-10T05:12:05.804Z] [work-queue] {"queuedWork":[],"queueLength":0,"runningWork":["/poszambo/us-central1/api/auth/login-2025-08-10T05:12:05.803Z"],"workRunningCount":1}
[debug] [2025-08-10T05:12:05.805Z] Accepted request POST /poszambo/us-central1/api/auth/login --> us-central1-api
[debug] [2025-08-10T05:12:05.811Z] [functions] Runtime ready! Sending request! {"metadata":{"emulator":{"name":"functions"},"message":"[functions] Runtime ready! Sending request!"}}
[debug] [2025-08-10T05:12:05.812Z] [functions] Got req.url=/poszambo/us-central1/api/auth/login, mapping to path=/auth/login {"metadata":{"emulator":{"name":"functions"},"message":"[functions] Got req.url=/poszambo/us-central1/api/auth/login, mapping to path=/auth/login"}}
[debug] [2025-08-10T05:12:05.812Z] [worker-pool] submitRequest(triggerId=us-central1-api) {"metadata":{"emulator":{"name":"functions"},"message":"[worker-pool] submitRequest(triggerId=us-central1-api)"}}
[info] i  functions: Beginning execution of "us-central1-api" {"metadata":{"emulator":{"name":"functions"},"function":{"name":"us-central1-api"},"extension":{},"message":"Beginning execution of \"us-central1-api\""}}
[debug] [2025-08-10T05:12:05.814Z] [worker-us-central1-api-23784cc9-d225-4202-b575-d9637d037083]: BUSY {"metadata":{"emulator":{"name":"functions"},"function":{"name":"us-central1-api"},"extension":{},"message":"[worker-us-central1-api-23784cc9-d225-4202-b575-d9637d037083]: BUSY"}}
[info] >  Login attempt for: ADMIN {"user":"Login attempt for: ADMIN","metadata":{"emulator":{"name":"functions"},"function":{"name":"us-central1-api"},"extension":{},"message":"\u001b[90m> \u001b[39m Login attempt for: ADMIN"}}
[info] >  User found: ADMIN {"user":"User found: ADMIN","metadata":{"emulator":{"name":"functions"},"function":{"name":"us-central1-api"},"extension":{},"message":"\u001b[90m> \u001b[39m User found: ADMIN"}}
[info] >  Password valid: true {"user":"Password valid: true","metadata":{"emulator":{"name":"functions"},"function":{"name":"us-central1-api"},"extension":{},"message":"\u001b[90m> \u001b[39m Password valid: true"}}
[debug] [2025-08-10T05:12:05.986Z] Finishing up request with event=pause {"metadata":{"emulator":{"name":"functions"},"function":{"name":"us-central1-api"},"extension":{},"message":"Finishing up request with event=pause"}}
[info] i  functions: Finished "us-central1-api" in 172.8434ms {"metadata":{"emulator":{"name":"functions"},"function":{"name":"us-central1-api"},"extension":{},"message":"Finished \"us-central1-api\" in 172.8434ms"}}
[debug] [2025-08-10T05:12:05.988Z] [worker-us-central1-api-23784cc9-d225-4202-b575-d9637d037083]: IDLE {"metadata":{"emulator":{"name":"functions"},"function":{"name":"us-central1-api"},"extension":{},"message":"[worker-us-central1-api-23784cc9-d225-4202-b575-d9637d037083]: IDLE"}}
[debug] [2025-08-10T05:12:05.988Z] Finishing up request with event=finish {"metadata":{"emulator":{"name":"functions"},"function":{"name":"us-central1-api"},"extension":{},"message":"Finishing up request with event=finish"}}
[debug] [2025-08-10T05:12:05.988Z] Finishing up request with event=close {"metadata":{"emulator":{"name":"functions"},"function":{"name":"us-central1-api"},"extension":{},"message":"Finishing up request with event=close"}}
[debug] [2025-08-10T05:12:05.988Z] [work-queue] {"queuedWork":[],"queueLength":0,"runningWork":[],"workRunningCount":0}
